Vivado Simulator v2023.2
Copyright 1986-2022 Xilinx, Inc. All Rights Reserved.
Copyright 2022-2023 Advanced Micro Devices, Inc. All Rights Reserved.
Running: /opt/Xilinx/Vivado/2023.2/bin/unwrapped/lnx64.o/xelab --incr --debug typical --relax --mt 8 -L xil_defaultlib -L blk_mem_gen_v8_4_7 -L unisims_ver -L unimacro_ver -L secureip -L xpm --snapshot top_zedboard_tb_behav xil_defaultlib.top_zedboard_tb xil_defaultlib.glbl -log elaborate.log 
Using 8 slave threads.
Starting static elaboration
Pass Through NonSizing Optimizer
WARNING: [VRFC 10-9543] actual bit length 14 differs from formal bit length 12 for port 'addra' [/home/aokim/Company/RISCV/RockWave/HDL_SRC/CORE/Fetch/rom.v:43]
Completed static elaboration
Starting simulation data flow analysis
Completed simulation data flow analysis
Time Resolution for simulation is 1ps
Compiling module xil_defaultlib.statemachine
Compiling module xil_defaultlib.writeback_default
Compiling module xil_defaultlib.top_fetch_default
Compiling module xil_defaultlib.obuf(WIDTH=32)
Compiling module xil_defaultlib.obuf(WIDTH=4)
Compiling module xil_defaultlib.obuf(WIDTH=5)
Compiling module xil_defaultlib.obuf(WIDTH=26)
Compiling module xil_defaultlib.instruction_decode_default
Compiling module xil_defaultlib.alu_default
Compiling module xil_defaultlib.comp_default
Compiling module xil_defaultlib.top_execute_default
Compiling module xil_defaultlib.top_memoryaccess_default
Compiling module xil_defaultlib.reg_rw(BW=32)
Compiling module xil_defaultlib.top_csr_default
Compiling module xil_defaultlib.register_default
Compiling module xil_defaultlib.register_file_default
Compiling module xil_defaultlib.top_core_default
Compiling module blk_mem_gen_v8_4_7.blk_mem_gen_v8_4_7_output_stage(...
Compiling module blk_mem_gen_v8_4_7.blk_mem_gen_v8_4_7_output_stage(...
Compiling module blk_mem_gen_v8_4_7.blk_mem_gen_v8_4_7_softecc_outpu...
Compiling module blk_mem_gen_v8_4_7.blk_mem_gen_v8_4_7_mem_module(C_...
Compiling module blk_mem_gen_v8_4_7.blk_mem_gen_v8_4_7(C_FAMILY="zyn...
Compiling module xil_defaultlib.blk_mem_gen_0
Compiling module xil_defaultlib.rom_default
Compiling module blk_mem_gen_v8_4_7.blk_mem_gen_v8_4_7_output_stage(...
Compiling module blk_mem_gen_v8_4_7.blk_mem_gen_v8_4_7_softecc_outpu...
Compiling module blk_mem_gen_v8_4_7.blk_mem_gen_v8_4_7_mem_module(C_...
Compiling module blk_mem_gen_v8_4_7.blk_mem_gen_v8_4_7(C_FAMILY="zyn...
Compiling module xil_defaultlib.blk_mem_gen_1
Compiling module xil_defaultlib.ram_default
Compiling module xil_defaultlib.refclk(BW=8)
Compiling module xil_defaultlib.syncronizer(WIDTH=13,INIVAL=0)
Compiling module xil_defaultlib.dfilter
Compiling module xil_defaultlib.fnc_gpio(INNUM=13)
Compiling module xil_defaultlib.reg_rw(BW=8)
Compiling module xil_defaultlib.reg_ronly(BW=8)
Compiling module xil_defaultlib.reg_ronly(BW=5)
Compiling module xil_defaultlib.reg_gpio(INNUM=13)
Compiling module xil_defaultlib.top_gpio_default
Compiling module xil_defaultlib.fnc_vgacontroller
Compiling module xil_defaultlib.reg_rw
Compiling module xil_defaultlib.reg_ronly
Compiling module xil_defaultlib.reg_vga_default
Compiling module blk_mem_gen_v8_4_7.blk_mem_gen_v8_4_7_output_stage(...
Compiling module blk_mem_gen_v8_4_7.blk_mem_gen_v8_4_7_softecc_outpu...
Compiling module blk_mem_gen_v8_4_7.blk_mem_gen_v8_4_7_mem_module(C_...
Compiling module blk_mem_gen_v8_4_7.blk_mem_gen_v8_4_7(C_FAMILY="zyn...
Compiling module xil_defaultlib.vram
Compiling module xil_defaultlib.top_vgacontroller_default
Compiling module xil_defaultlib.fnc_timer
Compiling module xil_defaultlib.reg_ronly(BW=32)
Compiling module xil_defaultlib.reg_timer_default
Compiling module xil_defaultlib.top_timer_default
Compiling module xil_defaultlib.fnc_uart
Compiling module xil_defaultlib.reg_uart_default
Compiling module xil_defaultlib.top_uart_default
Compiling module xil_defaultlib.localbus_default
Compiling module unisims_ver.BUFG
Compiling module unisims_ver.PLLE2_ADV(CLKFBOUT_MULT=19,CLKIN...
Compiling module xil_defaultlib.main_clk_clk_wiz
Compiling module xil_defaultlib.main_clk
Compiling module xil_defaultlib.top_zedboard_default
Compiling module xil_defaultlib.top_zedboard_tb
Compiling module xil_defaultlib.glbl
Built simulation snapshot top_zedboard_tb_behav
